<?xml version="1.0" encoding="UTF-8"?>
<testsuite xmlns:xsi="http://www.w3.org/2001/XMLSchema-instance" xsi:noNamespaceSchemaLocation="https://maven.apache.org/surefire/maven-surefire-plugin/xsd/surefire-test-report.xsd" name="com.qd.AppTest" time="0.038" tests="1" errors="0" skipped="0" failures="0">
  <properties>
    <property name="sun.desktop" value="windows"/>
    <property name="awt.toolkit" value="sun.awt.windows.WToolkit"/>
    <property name="file.encoding.pkg" value="sun.io"/>
    <property name="java.specification.version" value="1.8"/>
    <property name="sun.cpu.isalist" value="amd64"/>
    <property name="sun.jnu.encoding" value="GBK"/>
    <property name="java.class.path" value="D:\java_lianxi\JAVA\Java-review\rabbitMQ\target\test-classes;D:\java_lianxi\JAVA\Java-review\rabbitMQ\target\classes;D:\java_lianxi\Maven\junit\junit\4.11\junit-4.11.jar;D:\java_lianxi\Maven\org\hamcrest\hamcrest-core\1.3\hamcrest-core-1.3.jar;D:\java_lianxi\Maven\org\slf4j\slf4j-api\1.7.25\slf4j-api-1.7.25.jar;D:\java_lianxi\Maven\org\slf4j\slf4j-log4j12\1.7.25\slf4j-log4j12-1.7.25.jar;D:\java_lianxi\Maven\log4j\log4j\1.2.17\log4j-1.2.17.jar;D:\java_lianxi\Maven\com\rabbitmq\amqp-client\5.0.0\amqp-client-5.0.0.jar;D:\java_lianxi\Maven\org\springframework\amqp\spring-rabbit\2.1.2.RELEASE\spring-rabbit-2.1.2.RELEASE.jar;D:\java_lianxi\Maven\org\springframework\amqp\spring-amqp\2.1.2.RELEASE\spring-amqp-2.1.2.RELEASE.jar;D:\java_lianxi\Maven\org\springframework\spring-core\5.1.3.RELEASE\spring-core-5.1.3.RELEASE.jar;D:\java_lianxi\Maven\org\springframework\spring-jcl\5.1.3.RELEASE\spring-jcl-5.1.3.RELEASE.jar;D:\java_lianxi\Maven\org\springframework\retry\spring-retry\1.2.2.RELEASE\spring-retry-1.2.2.RELEASE.jar;D:\java_lianxi\Maven\org\springframework\spring-context\5.1.3.RELEASE\spring-context-5.1.3.RELEASE.jar;D:\java_lianxi\Maven\org\springframework\spring-aop\5.1.3.RELEASE\spring-aop-5.1.3.RELEASE.jar;D:\java_lianxi\Maven\org\springframework\spring-beans\5.1.3.RELEASE\spring-beans-5.1.3.RELEASE.jar;D:\java_lianxi\Maven\org\springframework\spring-expression\5.1.3.RELEASE\spring-expression-5.1.3.RELEASE.jar;D:\java_lianxi\Maven\org\springframework\spring-messaging\5.1.3.RELEASE\spring-messaging-5.1.3.RELEASE.jar;D:\java_lianxi\Maven\org\springframework\spring-tx\5.1.3.RELEASE\spring-tx-5.1.3.RELEASE.jar;"/>
    <property name="java.vm.vendor" value="Oracle Corporation"/>
    <property name="sun.arch.data.model" value="64"/>
    <property name="user.variant" value=""/>
    <property name="java.vendor.url" value="http://java.oracle.com/"/>
    <property name="user.timezone" value="Asia/Shanghai"/>
    <property name="java.vm.specification.version" value="1.8"/>
    <property name="os.name" value="Windows 8.1"/>
    <property name="user.country" value="CN"/>
    <property name="sun.java.launcher" value="SUN_STANDARD"/>
    <property name="sun.boot.library.path" value="C:\Program Files\Java\jdk1.8.0_20\jre\bin"/>
    <property name="sun.java.command" value="C:\Users\leo\AppData\Local\Temp\surefire5977133301676015567\surefirebooter3289288316419115832.jar C:\Users\leo\AppData\Local\Temp\surefire5977133301676015567 2020-07-12T15-02-37_048-jvmRun1 surefire5872413363363331693tmp surefire_01536479700308558171tmp"/>
    <property name="surefire.test.class.path" value="D:\java_lianxi\JAVA\Java-review\rabbitMQ\target\test-classes;D:\java_lianxi\JAVA\Java-review\rabbitMQ\target\classes;D:\java_lianxi\Maven\junit\junit\4.11\junit-4.11.jar;D:\java_lianxi\Maven\org\hamcrest\hamcrest-core\1.3\hamcrest-core-1.3.jar;D:\java_lianxi\Maven\org\slf4j\slf4j-api\1.7.25\slf4j-api-1.7.25.jar;D:\java_lianxi\Maven\org\slf4j\slf4j-log4j12\1.7.25\slf4j-log4j12-1.7.25.jar;D:\java_lianxi\Maven\log4j\log4j\1.2.17\log4j-1.2.17.jar;D:\java_lianxi\Maven\com\rabbitmq\amqp-client\5.0.0\amqp-client-5.0.0.jar;D:\java_lianxi\Maven\org\springframework\amqp\spring-rabbit\2.1.2.RELEASE\spring-rabbit-2.1.2.RELEASE.jar;D:\java_lianxi\Maven\org\springframework\amqp\spring-amqp\2.1.2.RELEASE\spring-amqp-2.1.2.RELEASE.jar;D:\java_lianxi\Maven\org\springframework\spring-core\5.1.3.RELEASE\spring-core-5.1.3.RELEASE.jar;D:\java_lianxi\Maven\org\springframework\spring-jcl\5.1.3.RELEASE\spring-jcl-5.1.3.RELEASE.jar;D:\java_lianxi\Maven\org\springframework\retry\spring-retry\1.2.2.RELEASE\spring-retry-1.2.2.RELEASE.jar;D:\java_lianxi\Maven\org\springframework\spring-context\5.1.3.RELEASE\spring-context-5.1.3.RELEASE.jar;D:\java_lianxi\Maven\org\springframework\spring-aop\5.1.3.RELEASE\spring-aop-5.1.3.RELEASE.jar;D:\java_lianxi\Maven\org\springframework\spring-beans\5.1.3.RELEASE\spring-beans-5.1.3.RELEASE.jar;D:\java_lianxi\Maven\org\springframework\spring-expression\5.1.3.RELEASE\spring-expression-5.1.3.RELEASE.jar;D:\java_lianxi\Maven\org\springframework\spring-messaging\5.1.3.RELEASE\spring-messaging-5.1.3.RELEASE.jar;D:\java_lianxi\Maven\org\springframework\spring-tx\5.1.3.RELEASE\spring-tx-5.1.3.RELEASE.jar;"/>
    <property name="sun.cpu.endian" value="little"/>
    <property name="user.home" value="C:\Users\leo"/>
    <property name="user.language" value="zh"/>
    <property name="java.specification.vendor" value="Oracle Corporation"/>
    <property name="java.home" value="C:\Program Files\Java\jdk1.8.0_20\jre"/>
    <property name="basedir" value="D:\java_lianxi\JAVA\Java-review\rabbitMQ"/>
    <property name="file.separator" value="\"/>
    <property name="line.separator" value="&#10;"/>
    <property name="java.vm.specification.vendor" value="Oracle Corporation"/>
    <property name="java.specification.name" value="Java Platform API Specification"/>
    <property name="java.awt.graphicsenv" value="sun.awt.Win32GraphicsEnvironment"/>
    <property name="surefire.real.class.path" value="C:\Users\leo\AppData\Local\Temp\surefire5977133301676015567\surefirebooter3289288316419115832.jar"/>
    <property name="sun.boot.class.path" value="C:\Program Files\Java\jdk1.8.0_20\jre\lib\resources.jar;C:\Program Files\Java\jdk1.8.0_20\jre\lib\rt.jar;C:\Program Files\Java\jdk1.8.0_20\jre\lib\sunrsasign.jar;C:\Program Files\Java\jdk1.8.0_20\jre\lib\jsse.jar;C:\Program Files\Java\jdk1.8.0_20\jre\lib\jce.jar;C:\Program Files\Java\jdk1.8.0_20\jre\lib\charsets.jar;C:\Program Files\Java\jdk1.8.0_20\jre\lib\jfr.jar;C:\Program Files\Java\jdk1.8.0_20\jre\classes"/>
    <property name="user.script" value=""/>
    <property name="sun.management.compiler" value="HotSpot 64-Bit Tiered Compilers"/>
    <property name="java.runtime.version" value="1.8.0_20-b26"/>
    <property name="user.name" value="leo"/>
    <property name="path.separator" value=";"/>
    <property name="os.version" value="6.3"/>
    <property name="java.endorsed.dirs" value="C:\Program Files\Java\jdk1.8.0_20\jre\lib\endorsed"/>
    <property name="java.runtime.name" value="Java(TM) SE Runtime Environment"/>
    <property name="file.encoding" value="GBK"/>
    <property name="java.vm.name" value="Java HotSpot(TM) 64-Bit Server VM"/>
    <property name="localRepository" value="D:\java_lianxi\Maven"/>
    <property name="java.vendor.url.bug" value="http://bugreport.sun.com/bugreport/"/>
    <property name="java.io.tmpdir" value="C:\Users\leo\AppData\Local\Temp\"/>
    <property name="java.version" value="1.8.0_20"/>
    <property name="user.dir" value="D:\java_lianxi\JAVA\Java-review\rabbitMQ"/>
    <property name="os.arch" value="amd64"/>
    <property name="java.vm.specification.name" value="Java Virtual Machine Specification"/>
    <property name="java.awt.printerjob" value="sun.awt.windows.WPrinterJob"/>
    <property name="sun.os.patch.level" value=""/>
    <property name="idea.version2019.3.3" value="true"/>
    <property name="java.library.path" value="C:\Program Files\Java\jdk1.8.0_20\jre\bin;C:\WINDOWS\Sun\Java\bin;C:\WINDOWS\system32;C:\WINDOWS;C:\ProgramData\Oracle\Java\javapath;C:\WINDOWS\system32;C:\WINDOWS;C:\WINDOWS\System32\Wbem;C:\WINDOWS\System32\WindowsPowerShell\v1.0\;C:\WINDOWS\System32\OpenSSH\;D:\java_lianxi\JAVA\apache-maven-3.5.4\bin;&quot;C:\Program Files\Java\jdk1.8.0_20\bin;C:\Program Files\Java\jdk1.8.0_20\jre\bin;&quot;;C:\Program Files (x86)\NVIDIA Corporation\PhysX\Common;C:\Program Files\NVIDIA Corporation\NVIDIA NvDLISR;&quot;C:\Program Files\Java\jdk1.8.0_20\bin;C:\Program Files\Java\jdk1.8.0_20\jre\bin&quot;;D:\java_lianxi\JAVA\git\cmd;C:\Users\leo\AppData\Local\Microsoft\WindowsApps;;C:\Users\leo\AppData\Local\Programs\Microsoft VS Code\bin;."/>
    <property name="java.vm.info" value="mixed mode"/>
    <property name="java.vendor" value="Oracle Corporation"/>
    <property name="java.vm.version" value="25.20-b23"/>
    <property name="java.ext.dirs" value="C:\Program Files\Java\jdk1.8.0_20\jre\lib\ext;C:\WINDOWS\Sun\Java\lib\ext"/>
    <property name="sun.io.unicode.encoding" value="UnicodeLittle"/>
    <property name="maven.repo.local" value="D:\java_lianxi\Maven"/>
    <property name="java.class.version" value="52.0"/>
  </properties>
  <testcase name="shouldAnswerWithTrue" classname="com.qd.AppTest" time="0.002"/>
</testsuite>